 AS V1.42 Beta [Bld 275] - Source File old_il.asm - Page 1 - 10/02/2024 07:09:54 PM


    1/   0 : 24 3A 91                   STRT    DB 024h, 03Ah, 091h ;    PC      ':Q^'  Start Of IL Program
    2/   3 : 27                                 DB 027h ;                GL
    3/   4 : 10                                 DB 010h ;                SB
    4/   5 : E1                                 DB 0E1h ;                BE      :LO
    5/   6 : 59                                 DB 059h ;                BR      :STRT
    6/   7 : C5                         LO      DB 0C5h ;                BN      :STMT
    7/   8 : 2A                                 DB 02Ah ;                IL
    8/   9 : 56                                 DB 056h ;                BR      :STRT
    9/   A : 10                         XEC     DB 010h ;                SB
   10/   B : 11                                 DB 011h ;                RB
   11/   C : 2C                                 DB 02Ch ;                XQ
   12/   D : 8B 4C 45                   STMT    DB 08Bh, 04Ch, 045h ;            BC      :GOTO     'LET'
   13/  10 : D4                                 DB 0D4h;
   14/  11 :                            ; !18 In Following Is Not Required It Was Generated By My
   15/  11 :                            ; Dissassembler And Indicates The Error Code Produced
   16/  11 :                            ; At This Point, The Assembler Assumes This Is A Remark
   17/  11 : A0                                 DB 0A0h ;                BV      * !18
   18/  12 : 80 BD                              DB 080h, 0BDh ;              BC      * !20     '='
   19/  14 : 31 8F                      LET     DB 031h, 08Fh ;       JS      :EXPR
   20/  16 : E0                                 DB 0E0h ;                BE      * !23
   21/  17 : 13                                 DB 013h ;                SV
   22/  18 : 1D                                 DB 01Dh ;                NX
   23/  19 : 94 47 CF                   GOTO    DB 094h, 047h, 0CFh ;      BC      :PRNT     'GO'
   24/  1C : 88 54 CF                           DB 088h, 054h, 0CFh ;            BC      :GOSB     'TO'
   25/  1F : 31 8F                              DB 031h, 08Fh ;              JS      :EXPR
   26/  21 : E0                                 DB 0E0h ;                BE      * !34
   27/  22 : 10                                 DB 010h ;                SB
   28/  23 : 11                                 DB 011h ;                RB
   29/  24 : 16                                 DB 016h ;                GO
   30/  25 : 80 53 55                   GOSB    DB 080h, 053h, 055h ;      BC      * !39     'SUB'
   31/  28 : C2                                 DB 0C2h;                --
   32/  29 : 31 8F                              DB 031h, 08Fh ;              JS      :EXPR
   33/  2B : E0                                 DB 0E0h ;                BE      * !44
   34/  2C : 14                                 DB 014h ;                GS
   35/  2D : 16                                 DB 016h ;                GO
   36/  2E : 90 50 D2                   PRNT    DB 090h, 050h, 0D2h ;      BC      :SKIP     'PR'
   37/  31 : 83 49 4E                           DB 083h, 049h, 04Eh ;            BC      :P0       'INT'
   38/  34 : D4                                 DB 0D4h;                --
   39/  35 : E5                         P0      DB 0E5h ;        BE      :P3
   40/  36 : 71                                 DB 071h ;                BR      Z233
   41/  37 : 88 BB                      P1      DB 088h, 0BBh ;        BC      Z234      ';'
   42/  39 : E1                         P2      DB 0E1h ;        BE      :P3
   43/  3A : 1D                                 DB 01Dh ;                NX
   44/  3B : 8F A2                      P3      DB 08Fh, 0A2h ;        BC      Z235      '"'
   45/  3D : 21                                 DB 021h ;                PQ
   46/  3E : 58                                 DB 058h ;                BR      :P1
   47/  3F : 6F                         SKIP_   DB 06Fh ;      BR      :IF
   48/  40 : 83 AC                              DB 083h, 0ACh ;   Z234       BC      Z236      ','
   49/  42 : 22                                 DB 022h ;                PT
   50/  43 : 55                                 DB 055h ;                BR      :P2
   51/  44 : 83 BA                              DB 083h, 0BAh ;   Z236       BC      Z233      ':'
   52/  46 : 24 93                              DB 024h, 093h ;              PC                'S^'
   53/  48 : E0                                 DB 0E0h ;     Z233       BE      * !73
   54/  49 : 23                                 DB 023h ;                NL
   55/  4A : 1D                                 DB 01Dh ;                NX
   56/  4B : 31 8F                              DB 031h, 08Fh ;   Z235       JS      :EXPR
   57/  4D : 20                                 DB 020h ;                PN
   58/  4E : 48                                 DB 048h ;                BR      :P1
   59/  4F : 91 49 C6                   IF_     DB 091h, 049h, 0C6h ;        BC      :INPT     'IF'
   60/  52 : 31 8F                              DB 031h, 08Fh ;              JS      :EXPR
 AS V1.42 Beta [Bld 275] - Source File old_il.asm - Page 2 - 10/02/2024 07:09:54 PM


   61/  54 : 32 37                              DB 032h, 037h ;              JS      Z237
   62/  56 : 31 8F                              DB 031h, 08Fh ;              JS      :EXPR
   63/  58 : 84 54 48                           DB 084h, 054h, 048h ;            BC      :I1       'THEN'
   64/  5B : 45 CE                              DB 045h, 0CEh ;              --
   65/  5D : 1C                         I1      DB 01Ch ;        CP
   66/  5E : 1D                                 DB 01Dh ;                NX
   67/  5F : 38 0D                              DB 038h, 00Dh ;              J       :STMT
   68/  61 : 9A 49 4E                   INPT    DB 09Ah, 049h, 04Eh ;      BC      :RETN     'INPUT'
   69/  64 : 50 55 D4                           DB 050h, 055h, 0D4h ;            --
   70/  67 : A0                                 DB 0A0h ;     Z242       BV      * !104
   71/  68 : 10                                 DB 010h ;                SB
   72/  69 : E7                                 DB 0E7h ;                BE      Z238
   73/  6A : 24 3F 20                           DB 024h, 03Fh, 020h ; Z239       PC                '? Q^'
   74/  6D : 91                                 DB 091h;                --
   75/  6E : 27                                 DB 027h ;                GL
   76/  6F : E1                                 DB 0E1h ;                BE      Z238
   77/  70 : 59                                 DB 059h ;                BR      Z239
   78/  71 : 81 AC                              DB 081h, 0ACh ;   Z238       BC      Z240      ','
   79/  73 : 31 8F                              DB 031h, 08Fh ;   Z240       JS      :EXPR
   80/  75 : 13                                 DB 013h ;                SV
   81/  76 : 11                                 DB 011h ;                RB
   82/  77 : 82 AC                              DB 082h, 0ACh ;              BC      Z241      ','
   83/  79 : 4D                                 DB 04Dh ;                BR      Z242
   84/  7A : E0                                 DB 0E0h ;     Z241       BE      * !123
   85/  7B : 1D                                 DB 01Dh ;                NX
   86/  7C : 89 52 45                   RETN_   DB 089h, 052h, 045h ;      BC      :END      'RETURN'
   87/  7F : 54 55 52                           DB 054h, 055h, 052h ;            --
   88/  82 : CE                                 DB 0CEh;                --
   89/  83 : E0                                 DB 0E0h ;                BE      * !132
   90/  84 : 15                                 DB 015h ;                RS
   91/  85 : 1D                                 DB 01Dh ;                NX
   92/  86 : 85 45 4E                   END     DB 085h, 045h, 04Eh ;       BC      :LIST     'END'
   93/  89 : C4                                 DB 0C4h;                --
   94/  8A : E0                                 DB 0E0h ;                BE      * !139
   95/  8B : 2D                                 DB 02Dh ;                WS
   96/  8C : 9A 4C 49                   LIST_   DB 09Ah, 04Ch, 049h ;      BC      :RUN      'LIST'
   97/  8F : 53 D4                              DB 053h, 0D4h ;              --
   98/  91 : E7                                 DB 0E7h ;                BE      Z243
   99/  92 : 0A 00 01                           DB 00Ah, 000h, 001h ;            LN      #0001
  100/  95 : 0A 7F FF                           DB 00Ah, 07Fh, 0FFh ;            LN      #7FFF
  101/  98 : 65                                 DB 065h ;                BR      Z244
  102/  99 : 31 8F                              DB 031h, 08Fh ;   Z243       JS      :EXPR
  103/  9B : 32 31                              DB 032h, 031h ;              JS      Z245
  104/  9D : E0                                 DB 0E0h ;                BE      * !158
  105/  9E : 24 00 00                           DB 024h, 000h, 000h ; Z244       PC                '@^@^@^@^J^@^'
  106/  A1 : 00 00 0A                           DB 000h, 000h, 00Ah ;            --
  107/  A4 : 80                                 DB 080h;                --
  108/  A5 : 1F                                 DB 01Fh ;                LS
  109/  A6 : 1D                                 DB 01Dh ;                NX
  110/  A7 : 85 52 55                   RUN_    DB 085h, 052h, 055h ;       BC      :CLER     'RUN'
  111/  AA : CE                                 DB 0CEh;                --
  112/  AB : 38 0A                              DB 038h, 00Ah ;              J       :XEC
  113/  AD : 86 43 4C                   CLER    DB 086h, 043h, 04Ch ;      BC      :PLOT     'CLEAR'
  114/  B0 : 45 41 D2                           DB 045h, 041h, 0D2h ;            --
  115/  B3 : 2B                                 DB 02Bh ;                MT
  116/  B4 : 9A 50 4C                   PLOT    DB 09Ah, 050h, 04Ch ;      BC      Z246      'PLOT'
  117/  B7 : 4F D4                              DB 04Fh, 0D4h ;              --
  118/  B9 : 31 8F                              DB 031h, 08Fh ;              JS      :EXPR
  119/  BB : 95 AC                              DB 095h, 0ACh ;              BC      Z247      ','
  120/  BD : 0B                                 DB 00Bh ;                DS
 AS V1.42 Beta [Bld 275] - Source File old_il.asm - Page 3 - 10/02/2024 07:09:54 PM


  121/  BE : 0B                                 DB 00Bh ;                DS
  122/  BF : 0A 00 2A                           DB 00Ah, 000h, 02Ah ;            LN      42
  123/  C2 : 32 62                              DB 032h, 062h ;              JS      Z248      COMPARE >0 AND <42
  124/  C4 : 0A 00 40                           DB 00Ah, 000h, 040h ;            LN      64        MULTIPLY BY 64
  125/  C7 : 1A                                 DB 01Ah ;                MP
  126/  C8 : 0A 00 40                           DB 00Ah, 000h, 040h ;            LN      64
  127/  CB : 32 5A                              DB 032h, 05Ah ;              JS      Z249      GET NEXT EXPR AND COMP >0 AND <64
  128/  CD : 18                                 DB 018h ;                AD                ADD TOGETHER (X*64+Y)
  129/  CE : 64                                 DB 064h ;                BR      Z250      SKIP JUMPS
  130/  CF : 39 02                              DB 039h, 002h ;   Z246       J       :POKE
  131/  D1 : 38 F4                              DB 038h, 0F4h ;   Z247       J       Z251
  132/  D3 : 0A 6D 80                           DB 00Ah, 06Dh, 080h ; Z250       LN      BUFF<<3         BUFF*8
  133/  D6 : 18                                 DB 018h ;                AD                ADD (BUFF*8)+(X*64+Y)
  134/  D7 : 0B                                 DB 00Bh ;                DS
  135/  D8 : 0A 00 08                           DB 00Ah, 000h, 008h ;            LN      8
  136/  DB : 1B                                 DB 01Bh ;                DV                ((BUFF*8)+(X*64+Y))/8
  137/  DC : 0B                                 DB 00Bh ;                DS
  138/  DD : 04                                 DB 004h ;                SX 4
  139/  DE : 02                                 DB 002h ;                SX 2
  140/  DF : 05                                 DB 005h ;                SX 5
  141/  E0 : 03                                 DB 003h ;                SX 3
  142/  E1 : 05                                 DB 005h ;                SX 5
  143/  E2 : 0A 00 08                           DB 00Ah, 000h, 008h ;            LN      8
  144/  E5 : 1A                                 DB 01Ah ;                MP                 MULTIPLY BY 8
  145/  E6 : 19                                 DB 019h ;                SU                 GET REMANDER
  146/  E7 : 09 0A                              DB 009h, 00Ah ;              LB      TVXY+2
  147/  E9 : 02                                 DB 002h ;                SX 2
  148/  EA : 13                                 DB 013h ;                SV                 STORE NEW BIT POINTER
  149/  EB : 09 08                              DB 009h, 008h ;              LB      TVXY
  150/  ED : 02                                 DB 002h ;                SX 2
  151/  EE : 01                                 DB 001h ;                SX 1
  152/  EF : 13                                 DB 013h ;                SV                 STORE NEW CURSOR
  153/  F0 : 8F AC                              DB 08Fh, 0ACh ;              BC      Z252      ','
  154/  F2 : 31 8F                              DB 031h, 08Fh ;              JS      :EXPR
  155/  F4 : E0                                 DB 0E0h ;     Z251       BE      * !245
  156/  F5 : 0A 01 09                           DB 00Ah, 001h, 009h ;            LN      TYPEV
  157/  F8 : 02                                 DB 002h ;                SX 2
  158/  F9 : 01                                 DB 001h ;                SX 1
  159/  FA : 03                                 DB 003h ;                SX 3
  160/  FB : 01                                 DB 001h ;                SX 1
  161/  FC : 0B                                 DB 00Bh ;                DS
  162/  FD : 2E                                 DB 02Eh ;                US                CALL TYPEV AND OUTPUT BYTE
  163/  FE : 0C                                 DB 00Ch ;                SP                POP RETURNED VALUE
  164/  FF : 1D                                 DB 01Dh ;                NX                NEXT STATEMENT
  165/ 100 : E0                                 DB 0E0h ;     Z252       BE      * !257
  166/ 101 : 1D                                 DB 01Dh ;                NX
  167/ 102 : 8A 50 4F                   POKE    DB 08Ah, 050h, 04Fh ;      BC      :OUT      'POKE'
  168/ 105 : 4B C5                              DB 04Bh, 0C5h ;              --
  169/ 107 : 0A 01 18                           DB 00Ah, 001h, 018h ;            LN      ILPOKE
  170/ 10A : 31 8F                              DB 031h, 08Fh ;              JS      :EXPR
  171/ 10C : 6C                                 DB 06Ch ;                BR      Z253
  172/ 10D : 91 4F 55                   OUT_    DB 091h, 04Fh, 055h ;       BC      :SAVE     'OUT'
  173/ 110 : D4                                 DB 0D4h;                --
  174/ 111 : 0A 01 26                           DB 00Ah, 001h, 026h ;            LN      ILINPOUT
  175/ 114 : 0A 00 08                           DB 00Ah, 000h, 008h ;            LN      8
  176/ 117 : 32 5A                              DB 032h, 05Ah ;              JS      Z249      GET EXPR AND COMP >0 AND <8
  177/ 119 : 32 31                              DB 032h, 031h ;   Z253       JS      Z245      CHECK FOR ,AND GET EXPR
  178/ 11B : E0                                 DB 0E0h ;                BE      * !284
  179/ 11C : 2E                                 DB 02Eh ;                US                CALL ILINPOUT OR ILPOKE
  180/ 11D : 0C                                 DB 00Ch ;                SP                POP RETURNED VALUE
 AS V1.42 Beta [Bld 275] - Source File old_il.asm - Page 4 - 10/02/2024 07:09:54 PM


  181/ 11E : 1D                                 DB 01Dh ;                NX                NEXT STATEMENT
  182/ 11F : 9E 53 41                   SAVE    DB 09Eh, 053h, 041h ;      BC      Z254      'SAVE'
  183/ 122 : 56 C5                              DB 056h, 0C5h;               --
  184/ 124 : E0                                 DB 0E0h ;                BE      * !293
  185/ 125 : 24 54 55                           DB 024h, 054h, 055h ;            PC                'TURN ON RECORD'
  186/ 128 : 52 4E 20                           DB 052h, 04Eh, 020h ;            --
  187/ 12B : 4F 4E 20                           DB 04Fh, 04Eh, 020h ;            --
  188/ 12E : 52 45 43                           DB 052h, 045h, 043h ;            --
  189/ 131 : 4F 52 C4                           DB 04Fh, 052h, 0C4h ;            --
  190/ 134 : 23                                 DB 023h ;                NL
  191/ 135 : 24 48 49                           DB 024h, 048h, 049h ;            PC                'HIT KEY'
  192/ 138 : 54 20 4B                           DB 054h, 020h, 04Bh ;            --
  193/ 13B : 45 D9                              DB 045h, 0D9h;               --
  194/ 13D : 62                                 DB 062h ;                BR      Z255
  195/ 13E : 39 5C                              DB 039h, 05Ch ;   Z254       J       :LOAD
  196/ 140 : 0A 01 06                           DB 00Ah, 001h, 006h ; Z255       LN      KEYV
  197/ 143 : 0B                                 DB 00Bh ;                DS
  198/ 144 : 0B                                 DB 00Bh ;                DS
  199/ 145 : 2E                                 DB 02Eh ;                US                CALL KEY INPUT
  200/ 146 : 0C                                 DB 00Ch ;                SP                POP RETURNED VALUE
  201/ 147 : 23                                 DB 023h ;                NL                NEW LINE
  202/ 148 : 0A 09 FD                           DB 00Ah, 009h, 0FDh ;            LN      ILSAVE
  203/ 14B : 09 24                              DB 009h, 024h ;              LB      MEND
  204/ 14D : 12                                 DB 012h ;                FV
  205/ 14E : 09 20                              DB 009h, 020h ;              LB      BASIC
  206/ 150 : 12                                 DB 012h ;                FV
  207/ 151 : 19                                 DB 019h ;                SU                END PROGRAM-BEGIN PROGRAM
  208/ 152 : 0A 01 00                           DB 00Ah, 001h, 000h ;            LN      256
  209/ 155 : 18                                 DB 018h ;                AD                ADD 256 ????
  210/ 156 : 09 20                              DB 009h, 020h ;              LB      BASIC
  211/ 158 : 12                                 DB 012h ;                FV
  212/ 159 : 2E                                 DB 02Eh ;                US                CALL ILSAVE
  213/ 15A : 0C                                 DB 00Ch ;                SP                POP RETURNED VALUE
  214/ 15B : 1D                                 DB 01Dh ;                NX                NEXT STATEMENT
  215/ 15C : 86 4C 4F                   LOAD    DB 086h, 04Ch, 04Fh ;            BC      Z256      'LOAD'
  216/ 15F : 41 C4                              DB 041h, 0C4h ;              --
  217/ 161 : E0                                 DB 0E0h ;                BE      * !354
  218/ 162 : 62                                 DB 062h ;                BR      Z257
  219/ 163 : 39 85                              DB 039h, 085h ;   Z256       J       Z258
  220/ 165 : 09 24                              DB 009h, 024h ;   Z257       LB      MEND
  221/ 167 : 0A 09 FA                           DB 00Ah, 009h, 0FAh ;            LN      ILLOAD
  222/ 16A : 0A 00 01                           DB 00Ah, 000h, 001h ;            LN      1
  223/ 16D : 09 20                              DB 009h, 020h ;              LB      BASIC
  224/ 16F : 12                                 DB 012h ;                FV
  225/ 170 : 2E                                 DB 02Eh ;                US                CALL ILLOAD
  226/ 171 : 66                                 DB 066h ;                BR      Z259      ILLOAD SKIPS THIS IF NO ERROR
  227/ 172 : 0A 00 18                           DB 00Ah, 000h, 018h ;            LN      0x18      SPARE STACK SIZE-1,DOES NOT GET IT?
  228/ 175 : 18                                 DB 018h ;                AD                ADD TO RETURN VALUE
  229/ 176 : 13                                 DB 013h ;                SV                SAVE MEM END
  230/ 177 : 2D                                 DB 02Dh ;                WS                WARM START
  231/ 178 : 23                                 DB 023h ;     Z259       NL
  232/ 179 : 24 54 41                           DB 024h, 054h, 041h ;            PC                'TAPE ERROR'
  233/ 17C : 50 45 20                           DB 050h, 045h, 020h ;            --
  234/ 17F : 45 52 52                           DB 045h, 052h, 052h ;            --
  235/ 182 : 4F D2                              DB 04Fh, 0D2h ;              --
  236/ 184 : 2B                                 DB 02Bh ;                MT
  237/ 185 : 84 52 45                           DB 084h, 052h, 045h ; Z258       BC      :DFLT     'REM'
  238/ 188 : CD                                 DB 0CDh;                --
  239/ 189 : 1D                                 DB 01Dh ;                NX
  240/ 18A : A0                         DFLT    DB 0A0h ;                BV      * !395
 AS V1.42 Beta [Bld 275] - Source File old_il.asm - Page 5 - 10/02/2024 07:09:54 PM


  241/ 18B : 80 BD                              DB 080h, 0BDh ;              BC      * !397    '='
  242/ 18D : 38 14                              DB 038h, 014h ;              J       :LET
  243/ 18F : 85 AD                      EXPR    DB 085h, 0ADh ;      BC      Z260      '-'
  244/ 191 : 31 A6                              DB 031h, 0A6h ;              JS      :TERM
  245/ 193 : 17                                 DB 017h ;                NE
  246/ 194 : 64                                 DB 064h ;                BR      Z261
  247/ 195 : 81 AB                              DB 081h, 0ABh ;   Z260       BC      Z262      '+'
  248/ 197 : 31 A6                              DB 031h, 0A6h ;   Z262       JS      :TERM
  249/ 199 : 85 AB                              DB 085h, 0ABh ;   Z261       BC      Z263      '+'
  250/ 19B : 31 A6                              DB 031h, 0A6h ;              JS      :TERM
  251/ 19D : 18                                 DB 018h ;                AD
  252/ 19E : 5A                                 DB 05Ah ;                BR      Z261
  253/ 19F : 85 AD                              DB 085h, 0ADh ;   Z263       BC      Z264      '-'
  254/ 1A1 : 31 A6                              DB 031h, 0A6h ;              JS      :TERM
  255/ 1A3 : 19                                 DB 019h ;                SU
  256/ 1A4 : 54                                 DB 054h ;                BR      Z261
  257/ 1A5 : 2F                                 DB 02Fh ;     Z264       RT
  258/ 1A6 : 31 B5                      TERM    DB 031h, 0B5h ;      JS      :RND
  259/ 1A8 : 85 AA                              DB 085h, 0AAh ;   Z266       BC      Z265      '*'
  260/ 1AA : 31 B5                              DB 031h, 0B5h ;              JS      :RND
  261/ 1AC : 1A                                 DB 01Ah ;                MP
  262/ 1AD : 5A                                 DB 05Ah ;                BR      Z266
  263/ 1AE : 85 AF                              DB 085h, 0AFh ;   Z265       BC      Z267      '/'
  264/ 1B0 : 31 B5                              DB 031h, 0B5h ;              JS      :RND
  265/ 1B2 : 1B                                 DB 01Bh ;                DV
  266/ 1B3 : 54                                 DB 054h ;                BR      Z266
  267/ 1B4 : 2F                                 DB 02Fh ;     Z267       RT
  268/ 1B5 : 99 52 4E                   RND     DB 099h, 052h, 04Eh ;       BC      Z268      'RND('
  269/ 1B8 : 44 A8                              DB 044h, 0A8h ;              --
  270/ 1BA : 0A 80 80                           DB 00Ah, 080h, 080h ;            LN      0x8080
  271/ 1BD : 12                                 DB 012h ;                FV
  272/ 1BE : 0A 09 29                           DB 00Ah, 009h, 029h ;            LN      0x0929
  273/ 1C1 : 1A                                 DB 01Ah ;                MP
  274/ 1C2 : 0A 1A 85                           DB 00Ah, 01Ah, 085h ;            LN      0x1A85
  275/ 1C5 : 18                                 DB 018h ;                AD
  276/ 1C6 : 13                                 DB 013h ;                SV
  277/ 1C7 : 09 80                              DB 009h, 080h ;              LB      0x80
  278/ 1C9 : 12                                 DB 012h ;                FV
  279/ 1CA : 01                                 DB 001h ;                SX 1
  280/ 1CB : 0B                                 DB 00Bh ;                DS
  281/ 1CC : 32 2C                              DB 032h, 02Ch ;              JS      Z269
  282/ 1CE : 61                                 DB 061h ;                BR      Z270
  283/ 1CF : 72                                 DB 072h ;     Z268       BR      :USR
  284/ 1D0 : 0B                                 DB 00Bh ;     Z270       DS
  285/ 1D1 : 04                                 DB 004h ;                SX 4
  286/ 1D2 : 02                                 DB 002h ;                SX 2
  287/ 1D3 : 03                                 DB 003h ;                SX 3
  288/ 1D4 : 05                                 DB 005h ;                SX 5
  289/ 1D5 : 03                                 DB 003h ;                SX 3
  290/ 1D6 : 1B                                 DB 01Bh ;                DV
  291/ 1D7 : 1A                                 DB 01Ah ;                MP
  292/ 1D8 : 19                                 DB 019h ;                SU
  293/ 1D9 : 0B                                 DB 00Bh ;                DS
  294/ 1DA : 09 06                              DB 009h, 006h ;              LB      6
  295/ 1DC : 0A 00 00                           DB 00Ah, 000h, 000h ;            LN      0
  296/ 1DF : 1C                                 DB 01Ch ;                CP
  297/ 1E0 : 17                                 DB 017h ;                NE
  298/ 1E1 : 2F                                 DB 02Fh ;                RT
  299/ 1E2 : 8E 55 53                   USR     DB 08Eh, 055h, 053h ;       BC      :INP      'USR('
  300/ 1E5 : 52 A8                              DB 052h, 0A8h ;              --
 AS V1.42 Beta [Bld 275] - Source File old_il.asm - Page 6 - 10/02/2024 07:09:54 PM


  301/ 1E7 : 31 8F                              DB 031h, 08Fh ;              JS      :EXPR
  302/ 1E9 : 32 31                              DB 032h, 031h ;              JS      Z245
  303/ 1EB : 32 31                              DB 032h, 031h ;              JS      Z245
  304/ 1ED : 80 A9                              DB 080h, 0A9h ;              BC      * !495    ')'
  305/ 1EF : 2E                                 DB 02Eh ;                US
  306/ 1F0 : 2F                                 DB 02Fh ;                RT
  307/ 1F1 : 91 49 4E                   INP     DB 091h, 049h, 04Eh ;       BC      :FLG      'INP('
  308/ 1F4 : 50 A8                              DB 050h, 0A8h ;              --
  309/ 1F6 : 0A 01 26                           DB 00Ah, 001h, 026h ;            LN      ILINPOUT
  310/ 1F9 : 0A 00 08                           DB 00Ah, 000h, 008h ;            LN      8
  311/ 1FC : 32 5A                              DB 032h, 05Ah ;              JS      Z249      GET EXPR AND COMP >0 AND <8
  312/ 1FE : 0A 00 08                           DB 00Ah, 000h, 008h ;            LN      8         ADD 8 TO OP FOR INPUT
  313/ 201 : 18                                 DB 018h ;                AD
  314/ 202 : 7D                                 DB 07Dh ;                BR      Z271
  315/ 203 : 91 46 4C                   FLG     DB 091h, 046h, 04Ch ;       BC      :PEEK     'FLG('
  316/ 206 : 47 A8                              DB 047h, 0A8h ;              --
  317/ 208 : 0A 09 F8                           DB 00Ah, 009h, 0F8h ;            LN      ILFLG     FLG WAS NEVER DOCUMENTED
  318/ 20B : 0A 00 05                           DB 00Ah, 000h, 005h ;            LN      5
  319/ 20E : 32 5A                              DB 032h, 05Ah ;              JS      Z249      GET EXPR AND COMP >0 AND <5
  320/ 210 : 0A 00 01                           DB 00Ah, 000h, 001h ;            LN      1
  321/ 213 : 19                                 DB 019h ;                SU                SUB 1
  322/ 214 : 6B                                 DB 06Bh ;                BR      Z271
  323/ 215 : 8F 50 45                   PEEK_   DB 08Fh, 050h, 045h ;      BC      Z272      'PEEK('
  324/ 218 : 45 4B A8                           DB 045h, 04Bh, 0A8h ;            --
  325/ 21B : 0A 01 14                           DB 00Ah, 001h, 014h ;            LN      ILPEEK
  326/ 21E : 31 8F                              DB 031h, 08Fh ;              JS      :EXPR
  327/ 220 : 80 A9                              DB 080h, 0A9h ;   Z271       BC      * !546    ')'
  328/ 222 : 0B                                 DB 00Bh ;                DS
  329/ 223 : 2E                                 DB 02Eh ;                US
  330/ 224 : 2F                                 DB 02Fh ;                RT
  331/ 225 : A2                                 DB 0A2h ;     Z272       BV      Z273
  332/ 226 : 12                                 DB 012h ;                FV
  333/ 227 : 2F                                 DB 02Fh ;                RT
  334/ 228 : C1                                 DB 0C1h ;     Z273       BN      Z274
  335/ 229 : 2F                                 DB 02Fh ;                RT
  336/ 22A : 80 A8                              DB 080h, 0A8h ;   Z274       BC      * !556    '('
  337/ 22C : 31 8F                              DB 031h, 08Fh ;   Z269       JS      :EXPR
  338/ 22E : 80 A9                              DB 080h, 0A9h ;              BC      * !560    ')'
  339/ 230 : 2F                                 DB 02Fh ;                RT
  340/ 231 : 83 AC                              DB 083h, 0ACh ;   Z245       BC      Z275      ','
  341/ 233 : 39 8F                              DB 039h, 08Fh ;              J       :EXPR
  342/ 235 : 0B                                 DB 00Bh ;     Z275       DS
  343/ 236 : 2F                                 DB 02Fh ;                RT
  344/ 237 : 84 BD                              DB 084h, 0BDh ;   Z237       BC      Z276      '='
  345/ 239 : 09 02                              DB 009h, 002h ;              LB      2
  346/ 23B : 2F                                 DB 02Fh ;                RT
  347/ 23C : 8E BC                              DB 08Eh, 0BCh ;   Z276       BC      Z277      '<'
  348/ 23E : 84 BD                              DB 084h, 0BDh ;              BC      Z278      '='
  349/ 240 : 09 03                              DB 009h, 003h ;              LB      3
  350/ 242 : 2F                                 DB 02Fh ;                RT
  351/ 243 : 84 BE                              DB 084h, 0BEh ;   Z278       BC      Z279      '>'
  352/ 245 : 09 05                              DB 009h, 005h ;              LB      5
  353/ 247 : 2F                                 DB 02Fh ;                RT
  354/ 248 : 09 01                              DB 009h, 001h ;   Z279       LB      1
  355/ 24A : 2F                                 DB 02Fh ;                RT
  356/ 24B : 80 BE                              DB 080h, 0BEh ;   Z277       BC      * !589    '>'
  357/ 24D : 84 BD                              DB 084h, 0BDh ;              BC      Z280      '='
  358/ 24F : 09 06                              DB 009h, 006h ;              LB      6
  359/ 251 : 2F                                 DB 02Fh ;                RT
  360/ 252 : 84 BC                              DB 084h, 0BCh ;   Z280       BC      Z281      '<'
 AS V1.42 Beta [Bld 275] - Source File old_il.asm - Page 7 - 10/02/2024 07:09:54 PM


  361/ 254 : 09 05                              DB 009h, 005h ;              LB      5
  362/ 256 : 2F                                 DB 02Fh ;                RT
  363/ 257 : 09 04                              DB 009h, 004h ;   Z281       LB      4
  364/ 259 : 2F                                 DB 02Fh ;                RT
  365/ 25A : 31 8F                              DB 031h, 08Fh ;   Z249       JS      :EXPR
  366/ 25C : 0B                                 DB 00Bh ;                DS
  367/ 25D : 0B                                 DB 00Bh ;                DS
  368/ 25E : 06                                 DB 006h ;                SX 6
  369/ 25F : 01                                 DB 001h ;                SX 1
  370/ 260 : 07                                 DB 007h ;                SX 7
  371/ 261 : 01                                 DB 001h ;                SX 1
  372/ 262 : 09 01                              DB 009h, 001h ;   Z248       LB      1
  373/ 264 : 02                                 DB 002h ;                SX 2
  374/ 265 : 01                                 DB 001h ;                SX 1
  375/ 266 : 1C                                 DB 01Ch ;                CP
  376/ 267 : 60                                 DB 060h ;                BR      * !616
  377/ 268 : 09 06                              DB 009h, 006h ;              LB      6
  378/ 26A : 0A 00 00                           DB 00Ah, 000h, 000h ;            LN      0
  379/ 26D : 1C                                 DB 01Ch ;                CP
  380/ 26E : 60                                 DB 060h;                BR      * !623
  381/ 26F : 2F                         ENDIL   DB 02Fh;                RT                 End Of IL Program
  382/ 270 : 00 00                              DB 0, 0
 AS V1.42 Beta [Bld 275] - Source File old_il.asm - Page 8 - 10/02/2024 07:09:54 PM


  Symbol Table (* = unused):
  --------------------------

*ARCHITECTURE :                                      "x86_64-unknown-linux" - |
*CASESENSITIVE :                  0 - | *CLER :                         0AD C |
*CONSTPI :     3.141592653589793239 - | *DATE :                "10/02/2024" - |
*DFLT :                         18A C | *END :                           86 C |
*ENDIL :                        26F C | *EXPR :                         18F C |
*FALSE :                          0 - | *FLG :                          203 C |
*FLOATMAX :   1.18973149535725E4932 - | *GOSB :                          25 C |
*GOTO :                          19 C | *HAS64 :                          1 - |
*I1 :                            5D C | *IF_ :                           4F C |
*INP :                          1F1 C | *INPT :                          61 C |
*LET :                           14 C | *LISTON :                         1 - |
*LIST_ :                         8C C | *LO :                             7 C |
*LOAD :                         15C C | *MACEXP :                         7 - |
*MOMCPU :                      1802 - | *MOMCPUNAME :                "1802" - |
*NESTMAX :                      100 - | *OUT_ :                         10D C |
*P0 :                            35 C | *P1 :                            37 C |
*P2 :                            39 C | *P3 :                            3B C |
*PEEK_ :                        215 C | *PLOT :                         0B4 C |
*POKE :                         102 C | *PRNT :                          2E C |
*RELAXED :                        0 - | *RETN_ :                         7C C |
*RND :                          1B5 C | *RUN_ :                         0A7 C |
*SAVE :                         11F C | *SKIP_ :                         3F C |
*STMT :                          0D C | *STRT :                           0 C |
*TERM :                         1A6 C | *TIME :               "07:09:54 PM" - |
*TRUE :                           1 - | *USR :                          1E2 C |
*VERSION :                     142F - | *XEC :                           0A C |

     51 symbols
     51 unused symbols

 AS V1.42 Beta [Bld 275] - Source File old_il.asm - Page 9 - 10/02/2024 07:09:54 PM


  Code Pages:
  ----------

STANDARD (0 changed characters)

1 code page

0.01 seconds assembly time

    382 lines source file
      1 pass
      0 errors
      0 warnings
